-------------------------------------------------------------------------------------------------------------------------

. codebook

-------------------------------------------------------------------------------------------------------------------------
male                                                                                                         Male (dummy)
-------------------------------------------------------------------------------------------------------------------------

                  type:  numeric (byte)
                 label:  male

                 range:  [0,1]                        units:  1
         unique values:  2                        missing .:  0/506552

            tabulation:  Freq.   Numeric  Label
                        1.9e+05        0  female
                        3.1e+05        1  male

-------------------------------------------------------------------------------------------------------------------------
foreign                                                                                           Foreign (NW Allochtoon)
-------------------------------------------------------------------------------------------------------------------------

                  type:  numeric (byte)
                 label:  foreign

                 range:  [0,1]                        units:  1
         unique values:  2                        missing .:  0/506552

            tabulation:  Freq.   Numeric  Label
                        2.9e+05        0  native
                        2.1e+05        1  foreign

-------------------------------------------------------------------------------------------------------------------------
age20cat                                                                                        Age per 1/1/2006 (20 cat)
-------------------------------------------------------------------------------------------------------------------------

                  type:  numeric (float)
                 label:  age20cat

                 range:  [0,19]                       units:  1
         unique values:  20                       missing .:  0/506552

              examples:  4     20 t/m 24 jaar
                         6     30 t/m 34 jaar
                         9     45 t/m 49 jaar
                         13    65 t/m 69 jaar

-------------------------------------------------------------------------------------------------------------------------
pc4                                                                                                      Postcode 4-digit
-------------------------------------------------------------------------------------------------------------------------

                  type:  numeric (float)

                 range:  [1011,9998]                  units:  1
         unique values:  4007                     missing .:  0/506552

                  mean:   5254.35
              std. dev:   2657.06

           percentiles:        10%       25%       50%       75%       90%
                              1719      3025      5125      7574      9079

-------------------------------------------------------------------------------------------------------------------------
frequency                                                                                  # Observations of this pattern
-------------------------------------------------------------------------------------------------------------------------

                  type:  numeric (int)

                 range:  [0,1548]                     units:  1
         unique values:  864                      missing .:  0/506552

                  mean:   32.2374
              std. dev:   77.2367

           percentiles:        10%       25%       50%       75%       90%
                                 0         1         1        17       112

-------------------------------------------------------------------------------------------------------------------------
gw_sex                                                                                         Nr offenses violent-sexual
-------------------------------------------------------------------------------------------------------------------------

                  type:  numeric (byte)

                 range:  [0,29]                       units:  1
         unique values:  21                       missing .:  1/506552

                  mean:   .016681
              std. dev:    .20758

           percentiles:        10%       25%       50%       75%       90%
                                 0         0         0         0         0

-------------------------------------------------------------------------------------------------------------------------
ov_sex                                                                                           Nr offenses other-sexual
-------------------------------------------------------------------------------------------------------------------------

                  type:  numeric (byte)

                 range:  [0,79]                       units:  1
         unique values:  35                       missing .:  1/506552

                  mean:   .016293
              std. dev:   .323234

           percentiles:        10%       25%       50%       75%       90%
                                 0         0         0         0         0

-------------------------------------------------------------------------------------------------------------------------
gw_ovg                                                                                         Nr offenses other-violence
-------------------------------------------------------------------------------------------------------------------------

                  type:  numeric (byte)

                 range:  [0,57]                       units:  1
         unique values:  48                       missing .:  1/506552

                  mean:    .40865
              std. dev:   1.48678

           percentiles:        10%       25%       50%       75%       90%
                                 0         0         0         0         1

-------------------------------------------------------------------------------------------------------------------------
vm_gw                                                                                        Nr offenses violent-property
-------------------------------------------------------------------------------------------------------------------------

                  type:  numeric (int)

                 range:  [0,143]                      units:  1
         unique values:  44                       missing .:  1/506552

                  mean:   .099743
              std. dev:   .797758

           percentiles:        10%       25%       50%       75%       90%
                                 0         0         0         0         0

-------------------------------------------------------------------------------------------------------------------------
vm_ovg                                                                                         Nr offenses other-property
-------------------------------------------------------------------------------------------------------------------------

                  type:  numeric (int)

                 range:  [0,494]                      units:  1
         unique values:  295                      missing .:  1/506552

                  mean:   1.52351
              std. dev:   9.45768

           percentiles:        10%       25%       50%       75%       90%
                                 0         0         0         0         2

-------------------------------------------------------------------------------------------------------------------------
vern_oo                                                                                             Nr offenses vandalism
-------------------------------------------------------------------------------------------------------------------------

                  type:  numeric (int)

                 range:  [0,148]                      units:  1
         unique values:  87                       missing .:  1/506552

                  mean:   .425614
              std. dev:   1.93245

           percentiles:        10%       25%       50%       75%       90%
                                 0         0         0         0         1

-------------------------------------------------------------------------------------------------------------------------
verkeer                                                                                               Nr offenses traffic
-------------------------------------------------------------------------------------------------------------------------

                  type:  numeric (int)

                 range:  [0,500]                      units:  1
         unique values:  63                       missing .:  1/506552

                  mean:   .291878
              std. dev:   1.46343

           percentiles:        10%       25%       50%       75%       90%
                                 0         0         0         0         1

-------------------------------------------------------------------------------------------------------------------------
opium                                                                                                   Nr offenses drugs
-------------------------------------------------------------------------------------------------------------------------

                  type:  numeric (byte)

                 range:  [0,62]                       units:  1
         unique values:  46                       missing .:  1/506552

                  mean:   .120426
              std. dev:   .807926

           percentiles:        10%       25%       50%       75%       90%
                                 0         0         0         0         0

-------------------------------------------------------------------------------------------------------------------------
overig                                                                                                  Nr offenses other
-------------------------------------------------------------------------------------------------------------------------

                  type:  numeric (byte)

                 range:  [0,31]                       units:  1
         unique values:  26                       missing .:  1/506552

                  mean:   .139933
              std. dev:   .627171

           percentiles:        10%       25%       50%       75%       90%
                                 0         0         0         0         0

-------------------------------------------------------------------------------------------------------------------------
total                                                                                              Nr of offenses (total)
-------------------------------------------------------------------------------------------------------------------------

                  type:  numeric (float)

                 range:  [0,528]                      units:  1
         unique values:  325                      missing .:  1/506552

                  mean:   3.04273
              std. dev:   12.4892

           percentiles:        10%       25%       50%       75%       90%
                                 0         0         0         1         6

-------------------------------------------------------------------------------------------------------------------------
year                                                                                                                 Year
-------------------------------------------------------------------------------------------------------------------------

                  type:  numeric (float)

                 range:  [2006,2006]                  units:  1
         unique values:  1                        missing .:  320401/506552

            tabulation:  Freq.  Value
                        1.9e+05 2006
                        3.2e+05 .

-------------------------------------------------------------------------------------------------------------------------
source                                                                                                   Source of record
-------------------------------------------------------------------------------------------------------------------------

                  type:  numeric (float)
                 label:  source

                 range:  [1,2]                        units:  1
         unique values:  2                        missing .:  0/506552

            tabulation:  Freq.   Numeric  Label
                        3.2e+05        1  CBS PC4
                        1.9e+05        2  Criminal records PC4


-------------------------------------------------------------------------------------------------------------------------
